C251 COMPILER V5.60.0,  myLed                                                              29/12/24  11:00:18  PAGE 1   


C251 COMPILER V5.60.0, COMPILATION OF MODULE myLed
OBJECT MODULE PLACED IN .\Objects\myLed.obj
COMPILER INVOKED BY: C:\Software\Keilv5\Keil\Core\C251\BIN\C251.EXE Driver\myLed.c XSMALL BROWSE INCDIR(.\App;.\Driver;.
                    -\User;.\COMM) DEBUG PRINT(.\Listings\myLed.lst) OBJECT(.\Objects\myLed.obj) 

stmt  level    source

    1          #include "myLed.h"
    2          
    3          
    4          
    5          void led_loop(void)
    6          {
    7   1              P10 = 0;                        //µ„¡¡
    8   1              delay_ms(200);
    9   1              P10 = 1;                        //œ®√
   10   1              delay_ms(200);
   11   1              P10 = 0;                        //µ„¡¡
   12   1              delay_ms(200);
   13   1              P10 = 1;                        //œ®√
   14   1              delay_ms(200);
   15   1              P10 = 0;                        //µ„¡¡
   16   1              delay_ms(200);
   17   1              P10 = 1;                        //œ®√
   18   1              delay_ms(200);
   19   1      
   20   1              P10 = 0;                        //µ„¡¡
   21   1              delay_ms(500);
   22   1              P10 = 1;                        //œ®√
   23   1              delay_ms(500);
   24   1              P10 = 0;                        //µ„¡¡
   25   1              delay_ms(500);
   26   1              P10 = 1;                        //œ®√
   27   1              delay_ms(500);
   28   1              P10 = 0;                        //µ„¡¡
   29   1              delay_ms(500);
   30   1              P10 = 1;                        //œ®√
   31   1              delay_ms(500);
   32   1              
   33   1              P10 = 0;                        //µ„¡¡
   34   1              delay_ms(200);
   35   1              P10 = 1;                        //œ®√
   36   1              delay_ms(200);
   37   1              P10 = 0;                        //µ„¡¡
   38   1              delay_ms(200);
   39   1              P10 = 1;                        //œ®√
   40   1              delay_ms(200);
   41   1              P10 = 0;                        //µ„¡¡
   42   1              delay_ms(200);
   43   1              P10 = 1;                        //œ®√
   44   1              delay_ms(200);  
   45   1              
   46   1              delay_ms(3000); 
   47   1      }
   48          
   49          


Module Information          Static   Overlayable
------------------------------------------------
  code size            =       169     ------
  ecode size           =    ------     ------
  data size            =    ------     ------
  idata size           =    ------     ------
  pdata size           =    ------     ------
  xdata size           =    ------     ------
C251 COMPILER V5.60.0,  myLed                                                              29/12/24  11:00:18  PAGE 2   

  xdata-const size     =    ------     ------
  edata size           =    ------     ------
  bit size             =    ------     ------
  ebit size            =    ------     ------
  bitaddressable size  =    ------     ------
  ebitaddressable size =    ------     ------
  far data size        =    ------     ------
  huge data size       =    ------     ------
  const size           =    ------     ------
  hconst size          =    ------     ------
End of Module Information.


C251 COMPILATION COMPLETE.  0 WARNING(S),  0 ERROR(S)
