C251 COMPILER V5.60.0,  main                                                               05/01/25  22:07:33  PAGE 1   


C251 COMPILER V5.60.0, COMPILATION OF MODULE main
OBJECT MODULE PLACED IN .\Objects\main.obj
COMPILER INVOKED BY: C:\Software\Keilv5\Keil\Core\C251\BIN\C251.EXE User\main.c XSMALL BROWSE INCDIR(.\App;.\COMM;.\Driv
                    -er;.\User;..\005_) DEBUG PRINT(.\Listings\main.lst) OBJECT(.\Objects\main.obj) 

stmt  level    source

    1          #include "common.h"
    2          struct _cj cj;
    3          
    4          
    5          //USB调试及复位所需定义
    6          char *USER_DEVICEDESC = NULL;
    7          char *USER_PRODUCTDESC = NULL;
    8          char *USER_STCISPCMD = "@STCISP#";  //设置自动复位到ISP区的用户接口命令
    9          
   10          void init(void)
   11          {
   12   1          WTST = 0;   //设置程序指令延时参数，赋值为0可将CPU执行指令的速度设置为最快
   13   1          EAXFR = 1;  //扩展寄存器(XFR)访问使能
   14   1          CKCON = 0;  //提高访问XRAM速度
   15   1      
   16   1          P_SW2 |= 0x80;              //B7位写1，使能访问XFR
   17   1              //将所有IO口均设为准双向口模式，方便后续敲代码
   18   1          P0M1 = 0x00;   P0M0 = 0x00;
   19   1          P1M1 = 0x00;   P1M0 = 0x00;
   20   1          P2M1 = 0x00;   P2M0 = 0x00;
   21   1          P3M1 = 0x00;   P3M0 = 0x00;
   22   1          P4M1 = 0x00;   P4M0 = 0x00;
   23   1          P5M1 = 0x00;   P5M0 = 0x00;
   24   1          P6M1 = 0x00;   P6M0 = 0x00;
   25   1          P7M1 = 0x00;   P7M0 = 0x00;
   26   1              
   27   1              usb_init();                                     //USB CDC 接口配置
   28   1          IE2 |= 0x80;                                    //使能USB中断
   29   1              
   30   1      
   31   1              // 初始化控制结构体cj
   32   1              cj.state=10;
   33   1              cj.h=0;cj.m=1;cj.s=21;
   34   1              cj.key=0;cj.freq = 0;
   35   1              // 初始化继电器和蜂鸣器
   36   1              off(JDQ);off(FMQ);
   37   1              // 初始化实时时钟、AD模块和温度传感器
   38   1              rtc_run(0x00,0x01,0x21);
   39   1              init_ad(0x43);
   40   1              init_temp();
   41   1          // 初始化调度器
   42   1          Scheduler_Init();
   43   1              
   44   1          // 初始化定时器0和定时器1
   45   1          Timer0_Init();
   46   1          Timer1_Init();//习惯初始化中断定时器放最后//
   47   1              
   48   1              EA = 1;                                                                                 //IE |= 0X80;开启总中断
   49   1              
   50   1              while (DeviceState != DEVSTATE_CONFIGURED);     //等待USB完成配置 //仿真注释
   51   1          P40 = 0;        //LED Power On
   52   1      }
   53          
   54          void main(void)
   55          {
   56   1              init();
   57   1              while(1)
   58   1              {
C251 COMPILER V5.60.0,  main                                                               05/01/25  22:07:33  PAGE 2   

   59   2                      Scheduler_Run();// 运行调度器
   60   2              }
   61   1      }


Module Information          Static   Overlayable
------------------------------------------------
  code size            =       157     ------
  ecode size           =    ------     ------
  data size            =    ------     ------
  idata size           =    ------     ------
  pdata size           =    ------     ------
  xdata size           =    ------     ------
  xdata-const size     =    ------     ------
  edata size           =        26     ------
  bit size             =    ------     ------
  ebit size            =    ------     ------
  bitaddressable size  =    ------     ------
  ebitaddressable size =    ------     ------
  far data size        =    ------     ------
  huge data size       =    ------     ------
  const size           =    ------     ------
  hconst size          =        33     ------
End of Module Information.


C251 COMPILATION COMPLETE.  0 WARNING(S),  0 ERROR(S)
