C251 COMPILER V5.60.0,  myDelay                                                            05/01/25  22:07:33  PAGE 1   


C251 COMPILER V5.60.0, COMPILATION OF MODULE myDelay
OBJECT MODULE PLACED IN .\Objects\myDelay.obj
COMPILER INVOKED BY: C:\Software\Keilv5\Keil\Core\C251\BIN\C251.EXE Driver\myDelay.c XSMALL BROWSE INCDIR(.\App;.\COMM;.
                    -\Driver;.\User;..\005_) DEBUG PRINT(.\Listings\myDelay.lst) OBJECT(.\Objects\myDelay.obj) 

stmt  level    source

    1          
    2          #include "myDelay.h"
    3          
    4          
    5          
    6          //========================================================================
    7          // 函数: void  delay_ms(unsigned char ms)
    8          // 描述: 延时函数。
    9          // 参数: ms,要延时的ms数, 这里只支持1~65535ms. 自动适应主时钟.
   10          // 返回: none.
   11          // 版本: VER1.0
   12          // 日期: 2013-4-1
   13          // 备注: 
   14          //========================================================================
   15          void  delay_ms(u16 ms)
   16          {
   17   1           u16 i;
   18   1           do{
   19   2                i = MAIN_Fosc / 6000;
   20   2                while(--i);
   21   2           }while(--ms);
   22   1      }
   23          
   24          


Module Information          Static   Overlayable
------------------------------------------------
  code size            =        23     ------
  ecode size           =    ------     ------
  data size            =    ------     ------
  idata size           =    ------     ------
  pdata size           =    ------     ------
  xdata size           =    ------     ------
  xdata-const size     =    ------     ------
  edata size           =    ------     ------
  bit size             =    ------     ------
  ebit size            =    ------     ------
  bitaddressable size  =    ------     ------
  ebitaddressable size =    ------     ------
  far data size        =    ------     ------
  huge data size       =    ------     ------
  const size           =    ------     ------
  hconst size          =    ------     ------
End of Module Information.


C251 COMPILATION COMPLETE.  0 WARNING(S),  0 ERROR(S)
