C251 COMPILER V5.60.0,  myLed                                                              05/01/25  22:07:33  PAGE 1   


C251 COMPILER V5.60.0, COMPILATION OF MODULE myLed
OBJECT MODULE PLACED IN .\Objects\myLed.obj
COMPILER INVOKED BY: C:\Software\Keilv5\Keil\Core\C251\BIN\C251.EXE Driver\myLed.c XSMALL BROWSE INCDIR(.\App;.\COMM;.\D
                    -river;.\User;..\005_) DEBUG PRINT(.\Listings\myLed.lst) OBJECT(.\Objects\myLed.obj) 

stmt  level    source

    1          #include "myLed.h"
    2          
    3          volatile  u8  bdata led_dat=0;
    4          sbit L1 = led_dat^0;
    5          sbit L2 = led_dat^1;
    6          sbit L3 = led_dat^2;
    7          sbit L4 = led_dat^3;
    8          sbit L5 = led_dat^4;
    9          sbit L6 = led_dat^5;
   10          sbit L7 = led_dat^6;
   11          sbit L8 = led_dat^7;
   12          
   13          u8 f_on=0;//led闪烁标志
   14          /**
   15           * led_scan函数用于扫描LED状态并进行硬件控制。
   16           * 该函数将led_dat变量取反后赋值给端口P0，以驱动LED显示，
   17           * 并调用gate函数控制LED的点亮状态。
   18           */
   19          void led_scan()
   20          {
   21   1          P0=~led_dat;
   22   1          gate(LED);
   23   1      }
   24          
   25          /**
   26           * led_proc函数用于处理LED的显示逻辑。
   27           * 该函数首先清零led_dat变量，然后根据cj.state的状态设置LED的显示模式。
   28           */
   29          void led_proc()
   30          {
   31   1          led_dat=0;
   32   1          switch(cj.state)
   33   1          {
   34   2              case 10:
   35   2                  L1=L3=1;
   36   2              break;
   37   2                      
   38   2                      case 20:
   39   2                              L2=L4=1;
   40   2                      break;
   41   2      
   42   2                      case 30:
   43   2                              L3=L6=1;
   44   2                      break;
   45   2                      
   46   2                      case 40:
   47   2                              L4=L7=1;
   48   2                      break;
   49   2          }
   50   1      }
   51          //***************
   52          void led_smg_blink()
   53          {
   54   1              // 每500ms切换f_wei和f_on的状态实现1s周期变化
   55   1              f_wei = !f_wei; // 切换f_wei状态
   56   1              f_on = !f_on;   // 切换f_on状态
   57   1      }

C251 COMPILER V5.60.0,  myLed                                                              05/01/25  22:07:33  PAGE 2   


Module Information          Static   Overlayable
------------------------------------------------
  code size            =        93     ------
  ecode size           =    ------     ------
  data size            =    ------     ------
  idata size           =    ------     ------
  pdata size           =    ------     ------
  xdata size           =    ------     ------
  xdata-const size     =    ------     ------
  edata size           =         1     ------
  bit size             =    ------     ------
  ebit size            =    ------     ------
  bitaddressable size  =         1     ------
  ebitaddressable size =    ------     ------
  far data size        =    ------     ------
  huge data size       =    ------     ------
  const size           =    ------     ------
  hconst size          =         5     ------
End of Module Information.


C251 COMPILATION COMPLETE.  0 WARNING(S),  0 ERROR(S)
