C251 COMPILER V5.60.0,  myRtc                                                              05/01/25  22:07:34  PAGE 1   


C251 COMPILER V5.60.0, COMPILATION OF MODULE myRtc
OBJECT MODULE PLACED IN .\Objects\myRtc.obj
COMPILER INVOKED BY: C:\Software\Keilv5\Keil\Core\C251\BIN\C251.EXE Driver\myRtc.c XSMALL BROWSE INCDIR(.\App;.\COMM;.\D
                    -river;.\User;..\005_) DEBUG PRINT(.\Listings\myRtc.lst) OBJECT(.\Objects\myRtc.obj) 

stmt  level    source

    1          /*      #       DS1302代码片段说明
    2                  1.      本文件夹中提供的驱动代码供参赛选手完成程序设计参考。
    3                  2.      参赛选手可以自行编写相关代码或以该代码为基础，根据所选单片机类型、运行速度和试题
    4                          中对单片机时钟频率的要求，进行代码调试和修改。
    5          */                                                              
    6          #include "myRtc.h"
    7          //
    8          sbit SCK = P1^7;
    9          sbit SDA_R = P2^3;
   10          sbit RST = P1^3;
   11          void Write_Ds1302(unsigned  char temp) 
   12          {
   13   1              unsigned char i;
   14   1              for (i=0;i<8;i++)       
   15   1              { 
   16   2                      SCK = 0;
   17   2                      SDA_R = temp&0x01;
   18   2                      temp>>=1; 
   19   2                      SCK=1;
   20   2              }
   21   1      }   
   22          
   23          //
   24          void Write_Ds1302_Byte( unsigned char address,unsigned char dat )     
   25          {
   26   1              RST=0;  _nop_();
   27   1              SCK=0;  _nop_();
   28   1              RST=1;  _nop_();  
   29   1              Write_Ds1302(address);  
   30   1              Write_Ds1302(dat);              
   31   1              RST=0; 
   32   1      }
   33          
   34          //
   35          unsigned char Read_Ds1302_Byte ( unsigned char address )
   36          {
   37   1              unsigned char i,temp=0x00;
   38   1              RST=0;  _nop_();
   39   1              SCK=0;  _nop_();
   40   1              RST=1;  _nop_();
   41   1              Write_Ds1302(address);
   42   1              for (i=0;i<8;i++)       
   43   1              {               
   44   2                      SCK=0;
   45   2                      temp>>=1;       
   46   2                      if(SDA_R)
   47   2                      temp|=0x80;     
   48   2                      SCK=1;
   49   2              } 
   50   1              RST=0;  _nop_();
   51   1              SCK=0;  _nop_();
   52   1              SCK=1;  _nop_();
   53   1              SDA_R=0;        _nop_();
   54   1              SDA_R=1;        _nop_();
   55   1              return (temp);                  
   56   1      }
   57          
   58          /**
C251 COMPILER V5.60.0,  myRtc                                                              05/01/25  22:07:34  PAGE 2   

   59           * 设置实时时钟（RTC）的时间
   60           *
   61           * @param h 小时，范围0-23
   62           * @param m 分钟，范围0-59
   63           * @param s 秒钟，范围0-59
   64           *
   65           * 此函数通过写入DS1302芯片来设置RTC的时间。它首先停止RTC，然后分别设置小时、分钟和秒钟，
   66           * 最后重新启动RTC。
   67           */
   68          void rtc_run(u8 h, u8 m, u8 s)
   69          {
   70   1          // 停止RTC
   71   1          Write_Ds1302_Byte(0x8e, 0);
   72   1          // 设置小时
   73   1          Write_Ds1302_Byte(0x84, h);
   74   1          // 设置分钟
   75   1          Write_Ds1302_Byte(0x82, m);
   76   1          // 设置秒钟
   77   1          Write_Ds1302_Byte(0x80, s);
   78   1          // 重新启动RTC
   79   1          Write_Ds1302_Byte(0x8e, 0x80);
   80   1      }
   81          
   82          /**
   83           * 读取实时时钟（RTC）的时间
   84           *
   85           * 此函数从DS1302芯片读取当前的时间，并将其转换为十进制格式存储在全局变量cj中。
   86           */
   87          void rtc_proc()
   88          {
   89   1          u8 h, m, s;
   90   1          
   91   1          // 禁用中断
   92   1          EA = 0;
   93   1          // 读取小时
   94   1          h = Read_Ds1302_Byte(0x85);
   95   1          // 读取分钟
   96   1          m = Read_Ds1302_Byte(0x83);
   97   1          // 读取秒钟
   98   1          s = Read_Ds1302_Byte(0x81);
   99   1          // 恢复中断
  100   1          EA = 1;
  101   1          
  102   1          // 将BCD码转换为十进制并存储在cj中
  103   1          cj.h = (h >> 4) * 10 + (h & 0x0f);
  104   1          cj.m = (m >> 4) * 10 + (m & 0x0f);
  105   1          cj.s = (s >> 4) * 10 + (s & 0x0f);
  106   1      }
  107          
  108          


Module Information          Static   Overlayable
------------------------------------------------
  code size            =       254     ------
  ecode size           =    ------     ------
  data size            =    ------     ------
  idata size           =    ------     ------
  pdata size           =    ------     ------
  xdata size           =    ------     ------
  xdata-const size     =    ------     ------
  edata size           =    ------     ------
  bit size             =    ------     ------
  ebit size            =    ------     ------
  bitaddressable size  =    ------     ------
  ebitaddressable size =    ------     ------
  far data size        =    ------     ------
C251 COMPILER V5.60.0,  myRtc                                                              05/01/25  22:07:34  PAGE 3   

  huge data size       =    ------     ------
  const size           =    ------     ------
  hconst size          =    ------     ------
End of Module Information.


C251 COMPILATION COMPLETE.  0 WARNING(S),  0 ERROR(S)
