C251 COMPILER V5.60.0,  myTime                                                             05/01/25  22:07:33  PAGE 1   


C251 COMPILER V5.60.0, COMPILATION OF MODULE myTime
OBJECT MODULE PLACED IN .\Objects\myTime.obj
COMPILER INVOKED BY: C:\Software\Keilv5\Keil\Core\C251\BIN\C251.EXE Driver\myTime.c XSMALL BROWSE INCDIR(.\App;.\COMM;.\
                    -Driver;.\User;..\005_) DEBUG PRINT(.\Listings\myTime.lst) OBJECT(.\Objects\myTime.obj) 

stmt  level    source

    1          #include "myTime.h"
    2          unsigned long int uwTick = 0;   //系统计时变量
    3          
    4          void ne555_proc();
    5          
    6          void Timer0_Init(void)          //2毫秒@30.000MHz
    7          {
    8   1              AUXR |= 0x80;                   //定时器时钟1T模式
    9   1              TMOD &= 0xF0;                   //设置定时器模式
   10   1              TMOD |= 0x05;                   // 设置为模式5（定时器模式）//计数器模式
   11   1              TL0 = 0;                                //设置定时初始值
   12   1              TH0 = 0;                                //设置定时初始值
   13   1              TF0 = 0;                                //清除TF0标志
   14   1              TR0 = 1;                                //定时器0开始计时
   15   1      }
   16          
   17          
   18          void Timer1_Isr(void) interrupt 3
   19          {
   20   1              uwTick++;//系统总运行时长
   21   1              disp_scan(); // 调用数码管扫描函数
   22   1              ne555_proc();  // 调用时间处理函数
   23   1      }
   24          
   25          void Timer1_Init(void)          //2毫秒@30.000MHz
   26          {
   27   1              AUXR |= 0x40;                   //定时器时钟1T模式
   28   1              TMOD &= 0x0F;                   //设置定时器模式
   29   1              TL1 = 0xA0;                             //设置定时初始值
   30   1              TH1 = 0x15;                             //设置定时初始值
   31   1              TF1 = 0;                                //清除TF1标志
   32   1              TR1 = 1;                                //定时器1开始计时
   33   1              ET1 = 1;                                //使能定时器1中断
   34   1      }
   35          
   36          // ne555处理函数
   37          void ne555_proc()
   38          {
   39   1          static u16 cnt_1s = 0;
   40   1          // 每500次中断（即每1s）更新频率计数并清空定时器0
   41   1          if (++cnt_1s >= 500) 
   42   1              {
   43   2              cnt_1s = 0;
   44   2                      TR0=0;
   45   2                      cj.freq = (TH0 << 8) | TL0; // 计算频率
   46   2                      TR0=1;
   47   2                      TH0 = TL0 = 0;           // 清空定时器0
   48   2          }
   49   1      }


Module Information          Static   Overlayable
------------------------------------------------
  code size            =       148     ------
  ecode size           =    ------     ------
  data size            =    ------     ------
  idata size           =    ------     ------
  pdata size           =    ------     ------
  xdata size           =    ------     ------
C251 COMPILER V5.60.0,  myTime                                                             05/01/25  22:07:33  PAGE 2   

  xdata-const size     =    ------     ------
  edata size           =         6     ------
  bit size             =    ------     ------
  ebit size            =    ------     ------
  bitaddressable size  =    ------     ------
  ebitaddressable size =    ------     ------
  far data size        =    ------     ------
  huge data size       =    ------     ------
  const size           =    ------     ------
  hconst size          =        14     ------
End of Module Information.


C251 COMPILATION COMPLETE.  0 WARNING(S),  0 ERROR(S)
