C251 COMPILER V5.60.0,  myUart                                                             05/01/25  22:07:34  PAGE 1   


C251 COMPILER V5.60.0, COMPILATION OF MODULE myUart
OBJECT MODULE PLACED IN .\Objects\myUart.obj
COMPILER INVOKED BY: C:\Software\Keilv5\Keil\Core\C251\BIN\C251.EXE Driver\myUart.c XSMALL BROWSE INCDIR(.\App;.\COMM;.\
                    -Driver;.\User;..\005_) DEBUG PRINT(.\Listings\myUart.lst) OBJECT(.\Objects\myUart.obj) 

stmt  level    source

    1          #include "myUart.h"
    2          
    3          
    4          
    5          
    6          
    7          
    8          


Module Information          Static   Overlayable
------------------------------------------------
  code size            =    ------     ------
  ecode size           =    ------     ------
  data size            =    ------     ------
  idata size           =    ------     ------
  pdata size           =    ------     ------
  xdata size           =    ------     ------
  xdata-const size     =    ------     ------
  edata size           =    ------     ------
  bit size             =    ------     ------
  ebit size            =    ------     ------
  bitaddressable size  =    ------     ------
  ebitaddressable size =    ------     ------
  far data size        =    ------     ------
  huge data size       =    ------     ------
  const size           =    ------     ------
  hconst size          =    ------     ------
End of Module Information.


C251 COMPILATION COMPLETE.  0 WARNING(S),  0 ERROR(S)
